[debug] [2020-08-19T02:22:50.594Z] ----------------------------------------------------------------------
[debug] [2020-08-19T02:22:50.596Z] Command:       C:\Program Files\nodejs\node.exe C:\Users\Aman\AppData\Roaming\npm\node_modules\firebase-tools\lib\bin\firebase.js serve
[debug] [2020-08-19T02:22:50.596Z] CLI Version:   8.7.0
[debug] [2020-08-19T02:22:50.596Z] Platform:      win32
[debug] [2020-08-19T02:22:50.596Z] Node Version:  v10.15.3
[debug] [2020-08-19T02:22:50.598Z] Time:          Tue Aug 18 2020 19:22:50 GMT-0700 (Pacific Daylight Time)
[debug] [2020-08-19T02:22:50.598Z] ----------------------------------------------------------------------
[debug] [2020-08-19T02:22:50.598Z] 
[debug] [2020-08-19T02:22:50.608Z] > command requires scopes: ["email","openid","https://www.googleapis.com/auth/cloudplatformprojects.readonly","https://www.googleapis.com/auth/firebase","https://www.googleapis.com/auth/cloud-platform"]
[debug] [2020-08-19T02:22:50.609Z] > authorizing via signed-in user
[debug] [2020-08-19T02:22:50.609Z] [iam] checking project notsyke-26d78 for permissions ["firebase.projects.get"]
[debug] [2020-08-19T02:22:50.613Z] >>> HTTP REQUEST POST https://cloudresourcemanager.googleapis.com/v1/projects/notsyke-26d78:testIamPermissions  
 {"permissions":["firebase.projects.get"]}
[debug] [2020-08-19T02:22:50.957Z] <<< HTTP RESPONSE 200 {"content-type":"application/json; charset=UTF-8","vary":"X-Origin, Referer, Origin,Accept-Encoding","date":"Wed, 19 Aug 2020 02:22:46 GMT","server":"ESF","cache-control":"private","x-xss-protection":"0","x-frame-options":"SAMEORIGIN","x-content-type-options":"nosniff","server-timing":"gfet4t7; dur=224","alt-svc":"h3-29=\":443\"; ma=2592000,h3-27=\":443\"; ma=2592000,h3-T050=\":443\"; ma=2592000,h3-Q050=\":443\"; ma=2592000,h3-Q046=\":443\"; ma=2592000,h3-Q043=\":443\"; ma=2592000,quic=\":443\"; ma=2592000; v=\"46,43\"","accept-ranges":"none","transfer-encoding":"chunked"}
[debug] [2020-08-19T02:22:50.961Z] >>> HTTP REQUEST GET https://firebase.googleapis.com/v1beta1/projects/notsyke-26d78  
 
[debug] [2020-08-19T02:22:51.174Z] <<< HTTP RESPONSE 200 {"content-type":"application/json; charset=UTF-8","vary":"X-Origin, Referer, Origin,Accept-Encoding","date":"Wed, 19 Aug 2020 02:22:47 GMT","server":"ESF","cache-control":"private","x-xss-protection":"0","x-frame-options":"SAMEORIGIN","x-content-type-options":"nosniff","alt-svc":"h3-29=\":443\"; ma=2592000,h3-27=\":443\"; ma=2592000,h3-T050=\":443\"; ma=2592000,h3-Q050=\":443\"; ma=2592000,h3-Q046=\":443\"; ma=2592000,h3-Q043=\":443\"; ma=2592000,quic=\":443\"; ma=2592000; v=\"46,43\"","accept-ranges":"none","transfer-encoding":"chunked"}
[info] 
[info] === Serving from 'C:\Users\Aman\Desktop\NotPsych\FrontEndClient'...
[info] 
[debug] [2020-08-19T02:22:51.180Z] >>> HTTP REQUEST GET https://firebase.googleapis.com/v1beta1/projects/notsyke-26d78/webApps/-/config  
 
[debug] [2020-08-19T02:22:51.720Z] <<< HTTP RESPONSE 200 {"content-type":"application/json; charset=UTF-8","vary":"X-Origin, Referer, Origin,Accept-Encoding","date":"Wed, 19 Aug 2020 02:22:47 GMT","server":"ESF","cache-control":"private","x-xss-protection":"0","x-frame-options":"SAMEORIGIN","x-content-type-options":"nosniff","alt-svc":"h3-29=\":443\"; ma=2592000,h3-27=\":443\"; ma=2592000,h3-T050=\":443\"; ma=2592000,h3-Q050=\":443\"; ma=2592000,h3-Q046=\":443\"; ma=2592000,h3-Q043=\":443\"; ma=2592000,quic=\":443\"; ma=2592000; v=\"46,43\"","accept-ranges":"none","transfer-encoding":"chunked"}
[info] i  hosting: Serving hosting files from: public {"metadata":{"emulator":{"name":"hosting"},"message":"Serving hosting files from: \u001b[1mpublic\u001b[22m"}}
[info] +  hosting: Local server: http://localhost:5000 {"metadata":{"emulator":{"name":"hosting"},"message":"Local server: \u001b[4m\u001b[1mhttp://localhost:5000\u001b[22m\u001b[24m"}}
[info] i  hosting: 127.0.0.1 - - [19/Aug/2020:02:22:57 +0000] "GET / HTTP/1.1" 200 3510 "-" "Mozilla/5.0 (Windows NT 10.0; Win64; x64) AppleWebKit/537.36 (KHTML, like Gecko) Chrome/84.0.4147.125 Safari/537.36" {"metadata":{"emulator":{"name":"hosting"},"message":"127.0.0.1 - - [19/Aug/2020:02:22:57 +0000] \"GET / HTTP/1.1\" 200 3510 \"-\" \"Mozilla/5.0 (Windows NT 10.0; Win64; x64) AppleWebKit/537.36 (KHTML, like Gecko) Chrome/84.0.4147.125 Safari/537.36\""}}
[info] i  hosting: 127.0.0.1 - - [19/Aug/2020:02:22:57 +0000] "GET /__/firebase/init.js HTTP/1.1" 200 - "http://localhost:5000/" "Mozilla/5.0 (Windows NT 10.0; Win64; x64) AppleWebKit/537.36 (KHTML, like Gecko) Chrome/84.0.4147.125 Safari/537.36" {"metadata":{"emulator":{"name":"hosting"},"message":"127.0.0.1 - - [19/Aug/2020:02:22:57 +0000] \"GET /__/firebase/init.js HTTP/1.1\" 200 - \"http://localhost:5000/\" \"Mozilla/5.0 (Windows NT 10.0; Win64; x64) AppleWebKit/537.36 (KHTML, like Gecko) Chrome/84.0.4147.125 Safari/537.36\""}}
[info] Shutting down...
[debug] [2020-08-19T02:23:40.025Z] ----------------------------------------------------------------------
[debug] [2020-08-19T02:23:40.027Z] Command:       C:\Program Files\nodejs\node.exe C:\Users\Aman\AppData\Roaming\npm\node_modules\firebase-tools\lib\bin\firebase.js serve
[debug] [2020-08-19T02:23:40.028Z] CLI Version:   8.7.0
[debug] [2020-08-19T02:23:40.028Z] Platform:      win32
[debug] [2020-08-19T02:23:40.028Z] Node Version:  v10.15.3
[debug] [2020-08-19T02:23:40.029Z] Time:          Tue Aug 18 2020 19:23:40 GMT-0700 (Pacific Daylight Time)
[debug] [2020-08-19T02:23:40.030Z] ----------------------------------------------------------------------
[debug] [2020-08-19T02:23:40.030Z] 
[debug] [2020-08-19T02:23:40.044Z] > command requires scopes: ["email","openid","https://www.googleapis.com/auth/cloudplatformprojects.readonly","https://www.googleapis.com/auth/firebase","https://www.googleapis.com/auth/cloud-platform"]
[debug] [2020-08-19T02:23:40.045Z] > authorizing via signed-in user
[debug] [2020-08-19T02:23:40.045Z] [iam] checking project notsyke-26d78 for permissions ["firebase.projects.get"]
[debug] [2020-08-19T02:23:40.049Z] >>> HTTP REQUEST POST https://cloudresourcemanager.googleapis.com/v1/projects/notsyke-26d78:testIamPermissions  
 {"permissions":["firebase.projects.get"]}
[debug] [2020-08-19T02:23:40.342Z] <<< HTTP RESPONSE 200 {"content-type":"application/json; charset=UTF-8","vary":"X-Origin, Referer, Origin,Accept-Encoding","date":"Wed, 19 Aug 2020 02:23:36 GMT","server":"ESF","cache-control":"private","x-xss-protection":"0","x-frame-options":"SAMEORIGIN","x-content-type-options":"nosniff","server-timing":"gfet4t7; dur=178","alt-svc":"h3-29=\":443\"; ma=2592000,h3-27=\":443\"; ma=2592000,h3-T050=\":443\"; ma=2592000,h3-Q050=\":443\"; ma=2592000,h3-Q046=\":443\"; ma=2592000,h3-Q043=\":443\"; ma=2592000,quic=\":443\"; ma=2592000; v=\"46,43\"","accept-ranges":"none","transfer-encoding":"chunked"}
[debug] [2020-08-19T02:23:40.344Z] >>> HTTP REQUEST GET https://firebase.googleapis.com/v1beta1/projects/notsyke-26d78  
 
[debug] [2020-08-19T02:23:40.540Z] <<< HTTP RESPONSE 200 {"content-type":"application/json; charset=UTF-8","vary":"X-Origin, Referer, Origin,Accept-Encoding","date":"Wed, 19 Aug 2020 02:23:36 GMT","server":"ESF","cache-control":"private","x-xss-protection":"0","x-frame-options":"SAMEORIGIN","x-content-type-options":"nosniff","alt-svc":"h3-29=\":443\"; ma=2592000,h3-27=\":443\"; ma=2592000,h3-T050=\":443\"; ma=2592000,h3-Q050=\":443\"; ma=2592000,h3-Q046=\":443\"; ma=2592000,h3-Q043=\":443\"; ma=2592000,quic=\":443\"; ma=2592000; v=\"46,43\"","accept-ranges":"none","transfer-encoding":"chunked"}
[info] 
[info] === Serving from 'C:\Users\Aman\Desktop\NotPsych\FrontEndClient'...
[info] 
[debug] [2020-08-19T02:23:40.545Z] >>> HTTP REQUEST GET https://firebase.googleapis.com/v1beta1/projects/notsyke-26d78/webApps/-/config  
 
[debug] [2020-08-19T02:23:40.876Z] <<< HTTP RESPONSE 200 {"content-type":"application/json; charset=UTF-8","vary":"X-Origin, Referer, Origin,Accept-Encoding","date":"Wed, 19 Aug 2020 02:23:36 GMT","server":"ESF","cache-control":"private","x-xss-protection":"0","x-frame-options":"SAMEORIGIN","x-content-type-options":"nosniff","alt-svc":"h3-29=\":443\"; ma=2592000,h3-27=\":443\"; ma=2592000,h3-T050=\":443\"; ma=2592000,h3-Q050=\":443\"; ma=2592000,h3-Q046=\":443\"; ma=2592000,h3-Q043=\":443\"; ma=2592000,quic=\":443\"; ma=2592000; v=\"46,43\"","accept-ranges":"none","transfer-encoding":"chunked"}
[info] i  hosting: Serving hosting files from: public {"metadata":{"emulator":{"name":"hosting"},"message":"Serving hosting files from: \u001b[1mpublic\u001b[22m"}}
[info] +  hosting: Local server: http://localhost:5000 {"metadata":{"emulator":{"name":"hosting"},"message":"Local server: \u001b[4m\u001b[1mhttp://localhost:5000\u001b[22m\u001b[24m"}}
[info] i  hosting: 127.0.0.1 - - [19/Aug/2020:02:23:45 +0000] "GET /__/firebase/init.js HTTP/1.1" 200 - "http://localhost:5000/" "Mozilla/5.0 (Windows NT 10.0; Win64; x64) AppleWebKit/537.36 (KHTML, like Gecko) Chrome/84.0.4147.125 Safari/537.36" {"metadata":{"emulator":{"name":"hosting"},"message":"127.0.0.1 - - [19/Aug/2020:02:23:45 +0000] \"GET /__/firebase/init.js HTTP/1.1\" 200 - \"http://localhost:5000/\" \"Mozilla/5.0 (Windows NT 10.0; Win64; x64) AppleWebKit/537.36 (KHTML, like Gecko) Chrome/84.0.4147.125 Safari/537.36\""}}
[info] Shutting down...
